{"/Users/justinpaoletta/Desktop/top-styling-and-reviews/db/s3.js": {"path":"/Users/justinpaoletta/Desktop/top-styling-and-reviews/db/s3.js","statementMap":{"0":{"start":{"line":1,"column":15},"end":{"line":102,"column":1}},"1":{"start":{"line":104,"column":0},"end":{"line":104,"column":24}}},"fnMap":{},"branchMap":{},"s":{"0":1,"1":1},"f":{},"b":{},"_coverageSchema":"1a1c01bbd47fc00a2c39e90264f33305004495a9","hash":"87c7b271ffe310bfd77fddf2e808ea92b6cf3b35"}
,"/Users/justinpaoletta/Desktop/top-styling-and-reviews/db/reviewData/reviewData.js": {"path":"/Users/justinpaoletta/Desktop/top-styling-and-reviews/db/reviewData/reviewData.js","statementMap":{"0":{"start":{"line":1,"column":17},"end":{"line":90002,"column":1}},"1":{"start":{"line":90004,"column":0},"end":{"line":90004,"column":27}}},"fnMap":{},"branchMap":{},"s":{"0":1,"1":1},"f":{},"b":{},"_coverageSchema":"1a1c01bbd47fc00a2c39e90264f33305004495a9","hash":"4322f2f5b904482ff042a0e954472025fa2c6ab7"}
,"/Users/justinpaoletta/Desktop/top-styling-and-reviews/db/topData/topData.js": {"path":"/Users/justinpaoletta/Desktop/top-styling-and-reviews/db/topData/topData.js","statementMap":{"0":{"start":{"line":1,"column":16},"end":{"line":1202,"column":1}},"1":{"start":{"line":1204,"column":0},"end":{"line":1204,"column":26}}},"fnMap":{},"branchMap":{},"s":{"0":1,"1":1},"f":{},"b":{},"_coverageSchema":"1a1c01bbd47fc00a2c39e90264f33305004495a9","hash":"8504e311a70edd74e22fee081fa022b75e69ed5b"}
,"/Users/justinpaoletta/Desktop/top-styling-and-reviews/src/index.jsx": {"path":"/Users/justinpaoletta/Desktop/top-styling-and-reviews/src/index.jsx","statementMap":{"0":{"start":{"line":5,"column":0},"end":{"line":5,"column":90}}},"fnMap":{},"branchMap":{"0":{"loc":{"start":{"line":5,"column":25},"end":{"line":5,"column":88}},"type":"binary-expr","locations":[{"start":{"line":5,"column":25},"end":{"line":5,"column":55}},{"start":{"line":5,"column":59},"end":{"line":5,"column":88}}],"line":5}},"s":{"0":1},"f":{},"b":{"0":[1,1]},"_coverageSchema":"1a1c01bbd47fc00a2c39e90264f33305004495a9","hash":"730e6efbfc956f6214f1469090f11674d1f3202c"}
,"/Users/justinpaoletta/Desktop/top-styling-and-reviews/src/components/app.jsx": {"path":"/Users/justinpaoletta/Desktop/top-styling-and-reviews/src/components/app.jsx","statementMap":{"0":{"start":{"line":22,"column":4},"end":{"line":22,"column":17}},"1":{"start":{"line":23,"column":4},"end":{"line":32,"column":6}},"2":{"start":{"line":34,"column":4},"end":{"line":34,"column":41}},"3":{"start":{"line":35,"column":4},"end":{"line":35,"column":47}},"4":{"start":{"line":36,"column":4},"end":{"line":36,"column":51}},"5":{"start":{"line":42,"column":4},"end":{"line":42,"column":18}},"6":{"start":{"line":43,"column":4},"end":{"line":43,"column":21}},"7":{"start":{"line":47,"column":20},"end":{"line":47,"column":30}},"8":{"start":{"line":48,"column":4},"end":{"line":54,"column":9}},"9":{"start":{"line":49,"column":24},"end":{"line":49,"column":35}},"10":{"start":{"line":51,"column":8},"end":{"line":53,"column":11}},"11":{"start":{"line":58,"column":20},"end":{"line":58,"column":30}},"12":{"start":{"line":59,"column":4},"end":{"line":69,"column":9}},"13":{"start":{"line":60,"column":24},"end":{"line":60,"column":35}},"14":{"start":{"line":62,"column":8},"end":{"line":68,"column":11}},"15":{"start":{"line":73,"column":4},"end":{"line":75,"column":7}},"16":{"start":{"line":83,"column":8},"end":{"line":83,"column":18}},"17":{"start":{"line":84,"column":4},"end":{"line":126,"column":5}},"18":{"start":{"line":85,"column":22},"end":{"line":85,"column":32}},"19":{"start":{"line":86,"column":6},"end":{"line":125,"column":8}},"20":{"start":{"line":127,"column":4},"end":{"line":131,"column":6}}},"fnMap":{"0":{"name":"(anonymous_0)","decl":{"start":{"line":21,"column":2},"end":{"line":21,"column":3}},"loc":{"start":{"line":21,"column":21},"end":{"line":37,"column":3}},"line":21},"1":{"name":"(anonymous_1)","decl":{"start":{"line":41,"column":2},"end":{"line":41,"column":3}},"loc":{"start":{"line":41,"column":22},"end":{"line":44,"column":3}},"line":41},"2":{"name":"(anonymous_2)","decl":{"start":{"line":46,"column":2},"end":{"line":46,"column":3}},"loc":{"start":{"line":46,"column":11},"end":{"line":55,"column":3}},"line":46},"3":{"name":"(anonymous_3)","decl":{"start":{"line":49,"column":12},"end":{"line":49,"column":13}},"loc":{"start":{"line":49,"column":24},"end":{"line":49,"column":35}},"line":49},"4":{"name":"(anonymous_4)","decl":{"start":{"line":50,"column":12},"end":{"line":50,"column":13}},"loc":{"start":{"line":50,"column":22},"end":{"line":54,"column":7}},"line":50},"5":{"name":"(anonymous_5)","decl":{"start":{"line":57,"column":2},"end":{"line":57,"column":3}},"loc":{"start":{"line":57,"column":14},"end":{"line":70,"column":3}},"line":57},"6":{"name":"(anonymous_6)","decl":{"start":{"line":60,"column":12},"end":{"line":60,"column":13}},"loc":{"start":{"line":60,"column":24},"end":{"line":60,"column":35}},"line":60},"7":{"name":"(anonymous_7)","decl":{"start":{"line":61,"column":12},"end":{"line":61,"column":13}},"loc":{"start":{"line":61,"column":22},"end":{"line":69,"column":7}},"line":61},"8":{"name":"(anonymous_8)","decl":{"start":{"line":72,"column":2},"end":{"line":72,"column":3}},"loc":{"start":{"line":72,"column":16},"end":{"line":76,"column":3}},"line":72},"9":{"name":"(anonymous_9)","decl":{"start":{"line":79,"column":2},"end":{"line":79,"column":3}},"loc":{"start":{"line":79,"column":11},"end":{"line":132,"column":3}},"line":79}},"branchMap":{"0":{"loc":{"start":{"line":31,"column":11},"end":{"line":31,"column":40}},"type":"binary-expr","locations":[{"start":{"line":31,"column":11},"end":{"line":31,"column":35}},{"start":{"line":31,"column":39},"end":{"line":31,"column":40}}],"line":31},"1":{"loc":{"start":{"line":84,"column":4},"end":{"line":126,"column":5}},"type":"if","locations":[{"start":{"line":84,"column":4},"end":{"line":126,"column":5}},{"start":{"line":84,"column":4},"end":{"line":126,"column":5}}],"line":84},"2":{"loc":{"start":{"line":84,"column":8},"end":{"line":84,"column":29}},"type":"binary-expr","locations":[{"start":{"line":84,"column":8},"end":{"line":84,"column":15}},{"start":{"line":84,"column":19},"end":{"line":84,"column":29}}],"line":84}},"s":{"0":2,"1":2,"2":2,"3":2,"4":2,"5":2,"6":2,"7":2,"8":2,"9":0,"10":0,"11":2,"12":2,"13":0,"14":0,"15":0,"16":2,"17":2,"18":0,"19":0,"20":2},"f":{"0":2,"1":2,"2":2,"3":0,"4":0,"5":2,"6":0,"7":0,"8":0,"9":2},"b":{"0":[2,0],"1":[0,2],"2":[2,0]},"_coverageSchema":"1a1c01bbd47fc00a2c39e90264f33305004495a9","hash":"ec8b251ff8c4769bc2bb5abaf2f79841c95d19c0"}
,"/Users/justinpaoletta/Desktop/top-styling-and-reviews/src/components/description.jsx": {"path":"/Users/justinpaoletta/Desktop/top-styling-and-reviews/src/components/description.jsx","statementMap":{"0":{"start":{"line":4,"column":20},"end":{"line":29,"column":1}},"1":{"start":{"line":7,"column":2},"end":{"line":28,"column":8}},"2":{"start":{"line":24,"column":89},"end":{"line":24,"column":104}},"3":{"start":{"line":24,"column":105},"end":{"line":24,"column":118}},"4":{"start":{"line":33,"column":0},"end":{"line":41,"column":2}}},"fnMap":{"0":{"name":"(anonymous_0)","decl":{"start":{"line":4,"column":20},"end":{"line":4,"column":21}},"loc":{"start":{"line":7,"column":2},"end":{"line":28,"column":8}},"line":7},"1":{"name":"(anonymous_1)","decl":{"start":{"line":24,"column":81},"end":{"line":24,"column":82}},"loc":{"start":{"line":24,"column":87},"end":{"line":24,"column":120}},"line":24}},"branchMap":{},"s":{"0":1,"1":1,"2":1,"3":1,"4":1},"f":{"0":1,"1":1},"b":{},"_coverageSchema":"1a1c01bbd47fc00a2c39e90264f33305004495a9","hash":"36d4811799357e28345899b8c38e73d56de21be3"}
,"/Users/justinpaoletta/Desktop/top-styling-and-reviews/src/components/reviews.jsx": {"path":"/Users/justinpaoletta/Desktop/top-styling-and-reviews/src/components/reviews.jsx","statementMap":{"0":{"start":{"line":14,"column":4},"end":{"line":14,"column":12}},"1":{"start":{"line":15,"column":4},"end":{"line":37,"column":6}},"2":{"start":{"line":38,"column":4},"end":{"line":38,"column":49}},"3":{"start":{"line":39,"column":4},"end":{"line":39,"column":57}},"4":{"start":{"line":40,"column":4},"end":{"line":40,"column":57}},"5":{"start":{"line":41,"column":4},"end":{"line":41,"column":53}},"6":{"start":{"line":42,"column":4},"end":{"line":42,"column":61}},"7":{"start":{"line":43,"column":4},"end":{"line":43,"column":47}},"8":{"start":{"line":47,"column":4},"end":{"line":54,"column":7}},"9":{"start":{"line":48,"column":37},"end":{"line":48,"column":47}},"10":{"start":{"line":49,"column":30},"end":{"line":49,"column":40}},"11":{"start":{"line":50,"column":6},"end":{"line":53,"column":7}},"12":{"start":{"line":51,"column":8},"end":{"line":51,"column":53}},"13":{"start":{"line":52,"column":8},"end":{"line":52,"column":22}},"14":{"start":{"line":55,"column":4},"end":{"line":55,"column":65}},"15":{"start":{"line":61,"column":8},"end":{"line":61,"column":18}},"16":{"start":{"line":62,"column":4},"end":{"line":67,"column":5}},"17":{"start":{"line":63,"column":6},"end":{"line":66,"column":9}},"18":{"start":{"line":68,"column":4},"end":{"line":73,"column":5}},"19":{"start":{"line":69,"column":6},"end":{"line":72,"column":9}},"20":{"start":{"line":74,"column":4},"end":{"line":79,"column":5}},"21":{"start":{"line":75,"column":6},"end":{"line":78,"column":9}},"22":{"start":{"line":80,"column":4},"end":{"line":85,"column":5}},"23":{"start":{"line":81,"column":6},"end":{"line":84,"column":9}},"24":{"start":{"line":89,"column":4},"end":{"line":91,"column":7}},"25":{"start":{"line":95,"column":4},"end":{"line":97,"column":7}},"26":{"start":{"line":101,"column":4},"end":{"line":103,"column":7}},"27":{"start":{"line":107,"column":20},"end":{"line":107,"column":30}},"28":{"start":{"line":108,"column":4},"end":{"line":125,"column":9}},"29":{"start":{"line":114,"column":8},"end":{"line":124,"column":13}},"30":{"start":{"line":115,"column":28},"end":{"line":115,"column":39}},"31":{"start":{"line":117,"column":12},"end":{"line":123,"column":15}},"32":{"start":{"line":137,"column":8},"end":{"line":137,"column":18}},"33":{"start":{"line":138,"column":4},"end":{"line":140,"column":5}},"34":{"start":{"line":139,"column":6},"end":{"line":139,"column":77}},"35":{"start":{"line":141,"column":4},"end":{"line":276,"column":5}},"36":{"start":{"line":143,"column":6},"end":{"line":143,"column":25}},"37":{"start":{"line":144,"column":6},"end":{"line":159,"column":8}},"38":{"start":{"line":150,"column":71},"end":{"line":150,"column":103}},"39":{"start":{"line":155,"column":70},"end":{"line":155,"column":101}},"40":{"start":{"line":160,"column":6},"end":{"line":165,"column":8}},"41":{"start":{"line":162,"column":91},"end":{"line":162,"column":125}},"42":{"start":{"line":163,"column":89},"end":{"line":163,"column":131}},"43":{"start":{"line":163,"column":132},"end":{"line":163,"column":187}},"44":{"start":{"line":166,"column":6},"end":{"line":275,"column":8}},"45":{"start":{"line":175,"column":14},"end":{"line":182,"column":17}},"46":{"start":{"line":196,"column":14},"end":{"line":203,"column":17}},"47":{"start":{"line":217,"column":14},"end":{"line":224,"column":17}},"48":{"start":{"line":238,"column":14},"end":{"line":245,"column":17}},"49":{"start":{"line":259,"column":14},"end":{"line":266,"column":17}},"50":{"start":{"line":278,"column":4},"end":{"line":330,"column":5}},"51":{"start":{"line":279,"column":6},"end":{"line":329,"column":8}},"52":{"start":{"line":290,"column":31},"end":{"line":290,"column":66}},"53":{"start":{"line":292,"column":16},"end":{"line":292,"column":62}},"54":{"start":{"line":302,"column":31},"end":{"line":302,"column":66}},"55":{"start":{"line":304,"column":16},"end":{"line":304,"column":62}},"56":{"start":{"line":314,"column":16},"end":{"line":314,"column":35}},"57":{"start":{"line":315,"column":16},"end":{"line":315,"column":33}},"58":{"start":{"line":331,"column":4},"end":{"line":383,"column":5}},"59":{"start":{"line":331,"column":17},"end":{"line":331,"column":18}},"60":{"start":{"line":332,"column":6},"end":{"line":382,"column":7}},"61":{"start":{"line":333,"column":8},"end":{"line":341,"column":10}},"62":{"start":{"line":342,"column":13},"end":{"line":382,"column":7}},"63":{"start":{"line":343,"column":8},"end":{"line":351,"column":10}},"64":{"start":{"line":352,"column":13},"end":{"line":382,"column":7}},"65":{"start":{"line":353,"column":8},"end":{"line":361,"column":10}},"66":{"start":{"line":362,"column":13},"end":{"line":382,"column":7}},"67":{"start":{"line":363,"column":8},"end":{"line":371,"column":10}},"68":{"start":{"line":372,"column":13},"end":{"line":382,"column":7}},"69":{"start":{"line":373,"column":8},"end":{"line":381,"column":10}},"70":{"start":{"line":384,"column":4},"end":{"line":429,"column":6}},"71":{"start":{"line":391,"column":57},"end":{"line":391,"column":118}},"72":{"start":{"line":391,"column":180},"end":{"line":391,"column":213}},"73":{"start":{"line":400,"column":14},"end":{"line":423,"column":20}},"74":{"start":{"line":426,"column":82},"end":{"line":426,"column":100}},"75":{"start":{"line":426,"column":123},"end":{"line":426,"column":141}},"76":{"start":{"line":435,"column":0},"end":{"line":443,"column":2}}},"fnMap":{"0":{"name":"(anonymous_0)","decl":{"start":{"line":11,"column":2},"end":{"line":11,"column":3}},"loc":{"start":{"line":13,"column":5},"end":{"line":44,"column":3}},"line":13},"1":{"name":"(anonymous_1)","decl":{"start":{"line":46,"column":2},"end":{"line":46,"column":3}},"loc":{"start":{"line":46,"column":14},"end":{"line":56,"column":3}},"line":46},"2":{"name":"(anonymous_2)","decl":{"start":{"line":47,"column":18},"end":{"line":47,"column":19}},"loc":{"start":{"line":47,"column":28},"end":{"line":54,"column":5}},"line":47},"3":{"name":"(anonymous_3)","decl":{"start":{"line":58,"column":2},"end":{"line":58,"column":3}},"loc":{"start":{"line":58,"column":15},"end":{"line":86,"column":3}},"line":58},"4":{"name":"(anonymous_4)","decl":{"start":{"line":88,"column":2},"end":{"line":88,"column":3}},"loc":{"start":{"line":88,"column":24},"end":{"line":92,"column":3}},"line":88},"5":{"name":"(anonymous_5)","decl":{"start":{"line":94,"column":2},"end":{"line":94,"column":3}},"loc":{"start":{"line":94,"column":24},"end":{"line":98,"column":3}},"line":94},"6":{"name":"(anonymous_6)","decl":{"start":{"line":100,"column":2},"end":{"line":100,"column":3}},"loc":{"start":{"line":100,"column":22},"end":{"line":104,"column":3}},"line":100},"7":{"name":"(anonymous_7)","decl":{"start":{"line":106,"column":2},"end":{"line":106,"column":3}},"loc":{"start":{"line":106,"column":34},"end":{"line":126,"column":3}},"line":106},"8":{"name":"(anonymous_8)","decl":{"start":{"line":113,"column":12},"end":{"line":113,"column":13}},"loc":{"start":{"line":113,"column":18},"end":{"line":125,"column":7}},"line":113},"9":{"name":"(anonymous_9)","decl":{"start":{"line":115,"column":16},"end":{"line":115,"column":17}},"loc":{"start":{"line":115,"column":28},"end":{"line":115,"column":39}},"line":115},"10":{"name":"(anonymous_10)","decl":{"start":{"line":116,"column":16},"end":{"line":116,"column":17}},"loc":{"start":{"line":116,"column":26},"end":{"line":124,"column":11}},"line":116},"11":{"name":"(anonymous_11)","decl":{"start":{"line":128,"column":2},"end":{"line":128,"column":3}},"loc":{"start":{"line":128,"column":11},"end":{"line":430,"column":3}},"line":128},"12":{"name":"(anonymous_12)","decl":{"start":{"line":150,"column":63},"end":{"line":150,"column":64}},"loc":{"start":{"line":150,"column":69},"end":{"line":150,"column":105}},"line":150},"13":{"name":"(anonymous_13)","decl":{"start":{"line":155,"column":62},"end":{"line":155,"column":63}},"loc":{"start":{"line":155,"column":68},"end":{"line":155,"column":103}},"line":155},"14":{"name":"(anonymous_14)","decl":{"start":{"line":162,"column":83},"end":{"line":162,"column":84}},"loc":{"start":{"line":162,"column":89},"end":{"line":162,"column":127}},"line":162},"15":{"name":"(anonymous_15)","decl":{"start":{"line":163,"column":81},"end":{"line":163,"column":82}},"loc":{"start":{"line":163,"column":87},"end":{"line":163,"column":189}},"line":163},"16":{"name":"(anonymous_16)","decl":{"start":{"line":174,"column":21},"end":{"line":174,"column":22}},"loc":{"start":{"line":174,"column":27},"end":{"line":183,"column":13}},"line":174},"17":{"name":"(anonymous_17)","decl":{"start":{"line":195,"column":21},"end":{"line":195,"column":22}},"loc":{"start":{"line":195,"column":27},"end":{"line":204,"column":13}},"line":195},"18":{"name":"(anonymous_18)","decl":{"start":{"line":216,"column":21},"end":{"line":216,"column":22}},"loc":{"start":{"line":216,"column":27},"end":{"line":225,"column":13}},"line":216},"19":{"name":"(anonymous_19)","decl":{"start":{"line":237,"column":21},"end":{"line":237,"column":22}},"loc":{"start":{"line":237,"column":27},"end":{"line":246,"column":13}},"line":237},"20":{"name":"(anonymous_20)","decl":{"start":{"line":258,"column":21},"end":{"line":258,"column":22}},"loc":{"start":{"line":258,"column":27},"end":{"line":267,"column":13}},"line":258},"21":{"name":"(anonymous_21)","decl":{"start":{"line":290,"column":24},"end":{"line":290,"column":25}},"loc":{"start":{"line":290,"column":31},"end":{"line":290,"column":66}},"line":290},"22":{"name":"(anonymous_22)","decl":{"start":{"line":291,"column":23},"end":{"line":291,"column":24}},"loc":{"start":{"line":291,"column":29},"end":{"line":293,"column":15}},"line":291},"23":{"name":"(anonymous_23)","decl":{"start":{"line":302,"column":24},"end":{"line":302,"column":25}},"loc":{"start":{"line":302,"column":31},"end":{"line":302,"column":66}},"line":302},"24":{"name":"(anonymous_24)","decl":{"start":{"line":303,"column":23},"end":{"line":303,"column":24}},"loc":{"start":{"line":303,"column":29},"end":{"line":305,"column":15}},"line":303},"25":{"name":"(anonymous_25)","decl":{"start":{"line":313,"column":23},"end":{"line":313,"column":24}},"loc":{"start":{"line":313,"column":30},"end":{"line":316,"column":15}},"line":313},"26":{"name":"(anonymous_26)","decl":{"start":{"line":391,"column":49},"end":{"line":391,"column":50}},"loc":{"start":{"line":391,"column":55},"end":{"line":391,"column":120}},"line":391},"27":{"name":"(anonymous_27)","decl":{"start":{"line":391,"column":173},"end":{"line":391,"column":174}},"loc":{"start":{"line":391,"column":180},"end":{"line":391,"column":213}},"line":391},"28":{"name":"(anonymous_28)","decl":{"start":{"line":398,"column":24},"end":{"line":398,"column":25}},"loc":{"start":{"line":400,"column":14},"end":{"line":423,"column":20}},"line":400},"29":{"name":"(anonymous_29)","decl":{"start":{"line":426,"column":74},"end":{"line":426,"column":75}},"loc":{"start":{"line":426,"column":80},"end":{"line":426,"column":102}},"line":426},"30":{"name":"(anonymous_30)","decl":{"start":{"line":426,"column":115},"end":{"line":426,"column":116}},"loc":{"start":{"line":426,"column":121},"end":{"line":426,"column":143}},"line":426}},"branchMap":{"0":{"loc":{"start":{"line":17,"column":14},"end":{"line":17,"column":46}},"type":"binary-expr","locations":[{"start":{"line":17,"column":14},"end":{"line":17,"column":24}},{"start":{"line":17,"column":28},"end":{"line":17,"column":46}}],"line":17},"1":{"loc":{"start":{"line":18,"column":13},"end":{"line":18,"column":42}},"type":"binary-expr","locations":[{"start":{"line":18,"column":13},"end":{"line":18,"column":20}},{"start":{"line":18,"column":24},"end":{"line":18,"column":42}}],"line":18},"2":{"loc":{"start":{"line":19,"column":13},"end":{"line":19,"column":42}},"type":"binary-expr","locations":[{"start":{"line":19,"column":13},"end":{"line":19,"column":20}},{"start":{"line":19,"column":24},"end":{"line":19,"column":42}}],"line":19},"3":{"loc":{"start":{"line":20,"column":14},"end":{"line":20,"column":43}},"type":"binary-expr","locations":[{"start":{"line":20,"column":14},"end":{"line":20,"column":21}},{"start":{"line":20,"column":25},"end":{"line":20,"column":43}}],"line":20},"4":{"loc":{"start":{"line":21,"column":15},"end":{"line":21,"column":45}},"type":"binary-expr","locations":[{"start":{"line":21,"column":15},"end":{"line":21,"column":23}},{"start":{"line":21,"column":27},"end":{"line":21,"column":45}}],"line":21},"5":{"loc":{"start":{"line":50,"column":6},"end":{"line":53,"column":7}},"type":"if","locations":[{"start":{"line":50,"column":6},"end":{"line":53,"column":7}},{"start":{"line":50,"column":6},"end":{"line":53,"column":7}}],"line":50},"6":{"loc":{"start":{"line":50,"column":10},"end":{"line":50,"column":66}},"type":"binary-expr","locations":[{"start":{"line":50,"column":10},"end":{"line":50,"column":36}},{"start":{"line":50,"column":40},"end":{"line":50,"column":66}}],"line":50},"7":{"loc":{"start":{"line":62,"column":4},"end":{"line":67,"column":5}},"type":"if","locations":[{"start":{"line":62,"column":4},"end":{"line":67,"column":5}},{"start":{"line":62,"column":4},"end":{"line":67,"column":5}}],"line":62},"8":{"loc":{"start":{"line":68,"column":4},"end":{"line":73,"column":5}},"type":"if","locations":[{"start":{"line":68,"column":4},"end":{"line":73,"column":5}},{"start":{"line":68,"column":4},"end":{"line":73,"column":5}}],"line":68},"9":{"loc":{"start":{"line":74,"column":4},"end":{"line":79,"column":5}},"type":"if","locations":[{"start":{"line":74,"column":4},"end":{"line":79,"column":5}},{"start":{"line":74,"column":4},"end":{"line":79,"column":5}}],"line":74},"10":{"loc":{"start":{"line":80,"column":4},"end":{"line":85,"column":5}},"type":"if","locations":[{"start":{"line":80,"column":4},"end":{"line":85,"column":5}},{"start":{"line":80,"column":4},"end":{"line":85,"column":5}}],"line":80},"11":{"loc":{"start":{"line":138,"column":4},"end":{"line":140,"column":5}},"type":"if","locations":[{"start":{"line":138,"column":4},"end":{"line":140,"column":5}},{"start":{"line":138,"column":4},"end":{"line":140,"column":5}}],"line":138},"12":{"loc":{"start":{"line":141,"column":4},"end":{"line":276,"column":5}},"type":"if","locations":[{"start":{"line":141,"column":4},"end":{"line":276,"column":5}},{"start":{"line":141,"column":4},"end":{"line":276,"column":5}}],"line":141},"13":{"loc":{"start":{"line":278,"column":4},"end":{"line":330,"column":5}},"type":"if","locations":[{"start":{"line":278,"column":4},"end":{"line":330,"column":5}},{"start":{"line":278,"column":4},"end":{"line":330,"column":5}}],"line":278},"14":{"loc":{"start":{"line":278,"column":8},"end":{"line":278,"column":23}},"type":"binary-expr","locations":[{"start":{"line":278,"column":8},"end":{"line":278,"column":13}},{"start":{"line":278,"column":17},"end":{"line":278,"column":23}}],"line":278},"15":{"loc":{"start":{"line":332,"column":6},"end":{"line":382,"column":7}},"type":"if","locations":[{"start":{"line":332,"column":6},"end":{"line":382,"column":7}},{"start":{"line":332,"column":6},"end":{"line":382,"column":7}}],"line":332},"16":{"loc":{"start":{"line":342,"column":13},"end":{"line":382,"column":7}},"type":"if","locations":[{"start":{"line":342,"column":13},"end":{"line":382,"column":7}},{"start":{"line":342,"column":13},"end":{"line":382,"column":7}}],"line":342},"17":{"loc":{"start":{"line":352,"column":13},"end":{"line":382,"column":7}},"type":"if","locations":[{"start":{"line":352,"column":13},"end":{"line":382,"column":7}},{"start":{"line":352,"column":13},"end":{"line":382,"column":7}}],"line":352},"18":{"loc":{"start":{"line":362,"column":13},"end":{"line":382,"column":7}},"type":"if","locations":[{"start":{"line":362,"column":13},"end":{"line":382,"column":7}},{"start":{"line":362,"column":13},"end":{"line":382,"column":7}}],"line":362},"19":{"loc":{"start":{"line":372,"column":13},"end":{"line":382,"column":7}},"type":"if","locations":[{"start":{"line":372,"column":13},"end":{"line":382,"column":7}},{"start":{"line":372,"column":13},"end":{"line":382,"column":7}}],"line":372}},"s":{"0":3,"1":3,"2":3,"3":3,"4":3,"5":3,"6":3,"7":3,"8":1,"9":3,"10":3,"11":3,"12":0,"13":0,"14":1,"15":5,"16":5,"17":1,"18":5,"19":1,"20":5,"21":1,"22":5,"23":1,"24":1,"25":1,"26":1,"27":1,"28":1,"29":0,"30":0,"31":0,"32":24,"33":24,"34":9,"35":24,"36":13,"37":13,"38":1,"39":1,"40":13,"41":1,"42":1,"43":1,"44":13,"45":1,"46":1,"47":1,"48":1,"49":1,"50":24,"51":17,"52":1,"53":0,"54":1,"55":0,"56":1,"57":1,"58":24,"59":24,"60":24,"61":0,"62":24,"63":0,"64":24,"65":0,"66":24,"67":0,"68":24,"69":0,"70":24,"71":4,"72":1,"73":24,"74":5,"75":0,"76":1},"f":{"0":3,"1":1,"2":3,"3":5,"4":1,"5":1,"6":1,"7":1,"8":0,"9":0,"10":0,"11":24,"12":1,"13":1,"14":1,"15":1,"16":1,"17":1,"18":1,"19":1,"20":1,"21":1,"22":0,"23":1,"24":0,"25":1,"26":4,"27":1,"28":24,"29":5,"30":0},"b":{"0":[3,3],"1":[3,3],"2":[3,3],"3":[3,3],"4":[3,3],"5":[0,3],"6":[3,0],"7":[1,4],"8":[1,4],"9":[1,4],"10":[1,4],"11":[9,15],"12":[13,11],"13":[17,7],"14":[24,17],"15":[0,24],"16":[0,24],"17":[0,24],"18":[0,24],"19":[0,24]},"_coverageSchema":"1a1c01bbd47fc00a2c39e90264f33305004495a9","hash":"e85f8f81330d4ff3a12ea368c4f97d0302f0ffd4"}
,"/Users/justinpaoletta/Desktop/top-styling-and-reviews/src/components/title.jsx": {"path":"/Users/justinpaoletta/Desktop/top-styling-and-reviews/src/components/title.jsx","statementMap":{"0":{"start":{"line":4,"column":14},"end":{"line":23,"column":1}},"1":{"start":{"line":7,"column":2},"end":{"line":22,"column":8}},"2":{"start":{"line":27,"column":0},"end":{"line":35,"column":2}}},"fnMap":{"0":{"name":"(anonymous_0)","decl":{"start":{"line":4,"column":14},"end":{"line":4,"column":15}},"loc":{"start":{"line":7,"column":2},"end":{"line":22,"column":8}},"line":7}},"branchMap":{},"s":{"0":1,"1":1,"2":1},"f":{"0":1},"b":{},"_coverageSchema":"1a1c01bbd47fc00a2c39e90264f33305004495a9","hash":"c3485afb055c0e4346e5f702209b951416d4bee6"}
,"/Users/justinpaoletta/Desktop/top-styling-and-reviews/src/components/topbar.jsx": {"path":"/Users/justinpaoletta/Desktop/top-styling-and-reviews/src/components/topbar.jsx","statementMap":{"0":{"start":{"line":8,"column":4},"end":{"line":8,"column":17}},"1":{"start":{"line":9,"column":4},"end":{"line":12,"column":6}},"2":{"start":{"line":13,"column":4},"end":{"line":13,"column":53}},"3":{"start":{"line":17,"column":4},"end":{"line":19,"column":7}},"4":{"start":{"line":23,"column":36},"end":{"line":23,"column":46}},"5":{"start":{"line":24,"column":37},"end":{"line":24,"column":47}},"6":{"start":{"line":25,"column":23},"end":{"line":25,"column":74}},"7":{"start":{"line":27,"column":4},"end":{"line":36,"column":5}},"8":{"start":{"line":28,"column":6},"end":{"line":35,"column":8}},"9":{"start":{"line":30,"column":93},"end":{"line":30,"column":128}},"10":{"start":{"line":31,"column":91},"end":{"line":31,"column":124}},"11":{"start":{"line":37,"column":4},"end":{"line":50,"column":6}},"12":{"start":{"line":46,"column":70},"end":{"line":46,"column":104}},"13":{"start":{"line":56,"column":0},"end":{"line":60,"column":2}}},"fnMap":{"0":{"name":"(anonymous_0)","decl":{"start":{"line":7,"column":2},"end":{"line":7,"column":3}},"loc":{"start":{"line":7,"column":21},"end":{"line":14,"column":3}},"line":7},"1":{"name":"(anonymous_1)","decl":{"start":{"line":16,"column":2},"end":{"line":16,"column":3}},"loc":{"start":{"line":16,"column":22},"end":{"line":20,"column":3}},"line":16},"2":{"name":"(anonymous_2)","decl":{"start":{"line":22,"column":2},"end":{"line":22,"column":3}},"loc":{"start":{"line":22,"column":11},"end":{"line":51,"column":3}},"line":22},"3":{"name":"(anonymous_3)","decl":{"start":{"line":30,"column":85},"end":{"line":30,"column":86}},"loc":{"start":{"line":30,"column":91},"end":{"line":30,"column":130}},"line":30},"4":{"name":"(anonymous_4)","decl":{"start":{"line":31,"column":84},"end":{"line":31,"column":85}},"loc":{"start":{"line":31,"column":91},"end":{"line":31,"column":124}},"line":31},"5":{"name":"(anonymous_5)","decl":{"start":{"line":46,"column":62},"end":{"line":46,"column":63}},"loc":{"start":{"line":46,"column":68},"end":{"line":46,"column":106}},"line":46}},"branchMap":{"0":{"loc":{"start":{"line":27,"column":4},"end":{"line":36,"column":5}},"type":"if","locations":[{"start":{"line":27,"column":4},"end":{"line":36,"column":5}},{"start":{"line":27,"column":4},"end":{"line":36,"column":5}}],"line":27}},"s":{"0":2,"1":2,"2":2,"3":1,"4":5,"5":5,"6":5,"7":5,"8":2,"9":1,"10":1,"11":5,"12":1,"13":1},"f":{"0":2,"1":1,"2":5,"3":1,"4":1,"5":1},"b":{"0":[2,3]},"_coverageSchema":"1a1c01bbd47fc00a2c39e90264f33305004495a9","hash":"8a7756410db0f4f43b7fa21bd1270f8cc88ad498"}
}
