{"/Users/justinpaoletta/Desktop/top-styling-and-reviews/db/s3.js": {"path":"/Users/justinpaoletta/Desktop/top-styling-and-reviews/db/s3.js","statementMap":{"0":{"start":{"line":1,"column":15},"end":{"line":102,"column":1}},"1":{"start":{"line":104,"column":0},"end":{"line":104,"column":24}}},"fnMap":{},"branchMap":{},"s":{"0":1,"1":1},"f":{},"b":{},"_coverageSchema":"1a1c01bbd47fc00a2c39e90264f33305004495a9","hash":"87c7b271ffe310bfd77fddf2e808ea92b6cf3b35"}
,"/Users/justinpaoletta/Desktop/top-styling-and-reviews/db/reviewData/reviewData.js": {"path":"/Users/justinpaoletta/Desktop/top-styling-and-reviews/db/reviewData/reviewData.js","statementMap":{"0":{"start":{"line":1,"column":17},"end":{"line":90002,"column":1}},"1":{"start":{"line":90004,"column":0},"end":{"line":90004,"column":27}}},"fnMap":{},"branchMap":{},"s":{"0":1,"1":1},"f":{},"b":{},"_coverageSchema":"1a1c01bbd47fc00a2c39e90264f33305004495a9","hash":"4322f2f5b904482ff042a0e954472025fa2c6ab7"}
,"/Users/justinpaoletta/Desktop/top-styling-and-reviews/db/topData/topData.js": {"path":"/Users/justinpaoletta/Desktop/top-styling-and-reviews/db/topData/topData.js","statementMap":{"0":{"start":{"line":1,"column":16},"end":{"line":1202,"column":1}},"1":{"start":{"line":1204,"column":0},"end":{"line":1204,"column":26}}},"fnMap":{},"branchMap":{},"s":{"0":1,"1":1},"f":{},"b":{},"_coverageSchema":"1a1c01bbd47fc00a2c39e90264f33305004495a9","hash":"8504e311a70edd74e22fee081fa022b75e69ed5b"}
,"/Users/justinpaoletta/Desktop/top-styling-and-reviews/src/index.jsx": {"path":"/Users/justinpaoletta/Desktop/top-styling-and-reviews/src/index.jsx","statementMap":{"0":{"start":{"line":6,"column":0},"end":{"line":6,"column":90}},"1":{"start":{"line":7,"column":0},"end":{"line":7,"column":98}}},"fnMap":{},"branchMap":{"0":{"loc":{"start":{"line":6,"column":25},"end":{"line":6,"column":88}},"type":"binary-expr","locations":[{"start":{"line":6,"column":25},"end":{"line":6,"column":55}},{"start":{"line":6,"column":59},"end":{"line":6,"column":88}}],"line":6},"1":{"loc":{"start":{"line":7,"column":29},"end":{"line":7,"column":96}},"type":"binary-expr","locations":[{"start":{"line":7,"column":29},"end":{"line":7,"column":63}},{"start":{"line":7,"column":67},"end":{"line":7,"column":96}}],"line":7}},"s":{"0":1,"1":1},"f":{},"b":{"0":[1,1],"1":[1,1]},"_coverageSchema":"1a1c01bbd47fc00a2c39e90264f33305004495a9","hash":"50e7fd2b2280fb426f3ac4a2c717f75fb2d214b7"}
,"/Users/justinpaoletta/Desktop/top-styling-and-reviews/src/components/app.jsx": {"path":"/Users/justinpaoletta/Desktop/top-styling-and-reviews/src/components/app.jsx","statementMap":{"0":{"start":{"line":10,"column":4},"end":{"line":10,"column":17}},"1":{"start":{"line":11,"column":4},"end":{"line":15,"column":6}},"2":{"start":{"line":17,"column":4},"end":{"line":17,"column":41}},"3":{"start":{"line":21,"column":4},"end":{"line":21,"column":18}},"4":{"start":{"line":25,"column":20},"end":{"line":25,"column":30}},"5":{"start":{"line":26,"column":4},"end":{"line":36,"column":9}},"6":{"start":{"line":27,"column":24},"end":{"line":27,"column":35}},"7":{"start":{"line":29,"column":8},"end":{"line":31,"column":11}},"8":{"start":{"line":35,"column":8},"end":{"line":35,"column":27}},"9":{"start":{"line":44,"column":8},"end":{"line":44,"column":18}},"10":{"start":{"line":45,"column":4},"end":{"line":66,"column":5}},"11":{"start":{"line":46,"column":6},"end":{"line":65,"column":8}},"12":{"start":{"line":67,"column":4},"end":{"line":71,"column":6}}},"fnMap":{"0":{"name":"(anonymous_0)","decl":{"start":{"line":9,"column":2},"end":{"line":9,"column":3}},"loc":{"start":{"line":9,"column":21},"end":{"line":18,"column":3}},"line":9},"1":{"name":"(anonymous_1)","decl":{"start":{"line":20,"column":2},"end":{"line":20,"column":3}},"loc":{"start":{"line":20,"column":22},"end":{"line":22,"column":3}},"line":20},"2":{"name":"(anonymous_2)","decl":{"start":{"line":24,"column":2},"end":{"line":24,"column":3}},"loc":{"start":{"line":24,"column":11},"end":{"line":37,"column":3}},"line":24},"3":{"name":"(anonymous_3)","decl":{"start":{"line":27,"column":12},"end":{"line":27,"column":13}},"loc":{"start":{"line":27,"column":24},"end":{"line":27,"column":35}},"line":27},"4":{"name":"(anonymous_4)","decl":{"start":{"line":28,"column":12},"end":{"line":28,"column":13}},"loc":{"start":{"line":28,"column":22},"end":{"line":32,"column":7}},"line":28},"5":{"name":"(anonymous_5)","decl":{"start":{"line":33,"column":13},"end":{"line":33,"column":14}},"loc":{"start":{"line":33,"column":24},"end":{"line":36,"column":7}},"line":33},"6":{"name":"(anonymous_6)","decl":{"start":{"line":40,"column":2},"end":{"line":40,"column":3}},"loc":{"start":{"line":40,"column":11},"end":{"line":72,"column":3}},"line":40}},"branchMap":{"0":{"loc":{"start":{"line":45,"column":4},"end":{"line":66,"column":5}},"type":"if","locations":[{"start":{"line":45,"column":4},"end":{"line":66,"column":5}},{"start":{"line":45,"column":4},"end":{"line":66,"column":5}}],"line":45}},"s":{"0":2,"1":2,"2":2,"3":2,"4":2,"5":2,"6":0,"7":0,"8":0,"9":2,"10":2,"11":0,"12":2},"f":{"0":2,"1":2,"2":2,"3":0,"4":0,"5":0,"6":2},"b":{"0":[0,2]},"_coverageSchema":"1a1c01bbd47fc00a2c39e90264f33305004495a9","hash":"20e162c61ea5960ea6b85339914df52c6c3dec07"}
,"/Users/justinpaoletta/Desktop/top-styling-and-reviews/src/components/description.jsx": {"path":"/Users/justinpaoletta/Desktop/top-styling-and-reviews/src/components/description.jsx","statementMap":{"0":{"start":{"line":5,"column":27},"end":{"line":8,"column":1}},"1":{"start":{"line":10,"column":15},"end":{"line":12,"column":1}},"2":{"start":{"line":14,"column":18},"end":{"line":23,"column":1}},"3":{"start":{"line":25,"column":25},"end":{"line":28,"column":1}},"4":{"start":{"line":30,"column":17},"end":{"line":32,"column":1}},"5":{"start":{"line":34,"column":18},"end":{"line":37,"column":1}},"6":{"start":{"line":39,"column":21},"end":{"line":44,"column":1}},"7":{"start":{"line":46,"column":14},"end":{"line":50,"column":1}},"8":{"start":{"line":52,"column":18},"end":{"line":55,"column":1}},"9":{"start":{"line":57,"column":20},"end":{"line":82,"column":1}},"10":{"start":{"line":60,"column":2},"end":{"line":81,"column":23}},"11":{"start":{"line":77,"column":84},"end":{"line":77,"column":99}},"12":{"start":{"line":77,"column":100},"end":{"line":77,"column":113}},"13":{"start":{"line":86,"column":0},"end":{"line":89,"column":2}}},"fnMap":{"0":{"name":"(anonymous_0)","decl":{"start":{"line":57,"column":20},"end":{"line":57,"column":21}},"loc":{"start":{"line":60,"column":2},"end":{"line":81,"column":23}},"line":60},"1":{"name":"(anonymous_1)","decl":{"start":{"line":77,"column":57},"end":{"line":77,"column":58}},"loc":{"start":{"line":77,"column":63},"end":{"line":77,"column":65}},"line":77},"2":{"name":"(anonymous_2)","decl":{"start":{"line":77,"column":76},"end":{"line":77,"column":77}},"loc":{"start":{"line":77,"column":82},"end":{"line":77,"column":115}},"line":77}},"branchMap":{},"s":{"0":1,"1":1,"2":1,"3":1,"4":1,"5":1,"6":1,"7":1,"8":1,"9":1,"10":1,"11":0,"12":0,"13":1},"f":{"0":1,"1":0,"2":0},"b":{},"_coverageSchema":"1a1c01bbd47fc00a2c39e90264f33305004495a9","hash":"d26f2d0f57375c026ae7c014305e29b83d8d7e5c"}
,"/Users/justinpaoletta/Desktop/top-styling-and-reviews/src/components/reviews.jsx": {"path":"/Users/justinpaoletta/Desktop/top-styling-and-reviews/src/components/reviews.jsx","statementMap":{"0":{"start":{"line":7,"column":13},"end":{"line":11,"column":1}},"1":{"start":{"line":13,"column":18},"end":{"line":17,"column":1}},"2":{"start":{"line":19,"column":16},"end":{"line":23,"column":1}},"3":{"start":{"line":25,"column":16},"end":{"line":29,"column":1}},"4":{"start":{"line":31,"column":16},"end":{"line":35,"column":1}},"5":{"start":{"line":37,"column":18},"end":{"line":42,"column":1}},"6":{"start":{"line":44,"column":22},"end":{"line":46,"column":1}},"7":{"start":{"line":48,"column":18},"end":{"line":58,"column":1}},"8":{"start":{"line":60,"column":16},"end":{"line":70,"column":1}},"9":{"start":{"line":72,"column":16},"end":{"line":74,"column":1}},"10":{"start":{"line":76,"column":20},"end":{"line":79,"column":1}},"11":{"start":{"line":81,"column":21},"end":{"line":84,"column":1}},"12":{"start":{"line":86,"column":21},"end":{"line":89,"column":1}},"13":{"start":{"line":91,"column":21},"end":{"line":94,"column":1}},"14":{"start":{"line":96,"column":21},"end":{"line":99,"column":1}},"15":{"start":{"line":101,"column":14},"end":{"line":112,"column":1}},"16":{"start":{"line":114,"column":21},"end":{"line":119,"column":1}},"17":{"start":{"line":121,"column":14},"end":{"line":129,"column":1}},"18":{"start":{"line":131,"column":15},"end":{"line":140,"column":1}},"19":{"start":{"line":142,"column":14},"end":{"line":144,"column":1}},"20":{"start":{"line":146,"column":19},"end":{"line":148,"column":1}},"21":{"start":{"line":150,"column":17},"end":{"line":156,"column":1}},"22":{"start":{"line":158,"column":19},"end":{"line":160,"column":1}},"23":{"start":{"line":162,"column":13},"end":{"line":165,"column":1}},"24":{"start":{"line":167,"column":17},"end":{"line":169,"column":1}},"25":{"start":{"line":171,"column":13},"end":{"line":174,"column":1}},"26":{"start":{"line":176,"column":19},"end":{"line":190,"column":1}},"27":{"start":{"line":192,"column":20},"end":{"line":198,"column":1}},"28":{"start":{"line":200,"column":15},"end":{"line":206,"column":1}},"29":{"start":{"line":208,"column":20},"end":{"line":213,"column":1}},"30":{"start":{"line":215,"column":19},"end":{"line":218,"column":1}},"31":{"start":{"line":220,"column":22},"end":{"line":222,"column":1}},"32":{"start":{"line":224,"column":17},"end":{"line":229,"column":1}},"33":{"start":{"line":231,"column":19},"end":{"line":235,"column":1}},"34":{"start":{"line":237,"column":17},"end":{"line":241,"column":1}},"35":{"start":{"line":243,"column":12},"end":{"line":245,"column":1}},"36":{"start":{"line":247,"column":11},"end":{"line":249,"column":1}},"37":{"start":{"line":253,"column":4},"end":{"line":253,"column":12}},"38":{"start":{"line":254,"column":4},"end":{"line":277,"column":6}},"39":{"start":{"line":278,"column":4},"end":{"line":278,"column":49}},"40":{"start":{"line":279,"column":4},"end":{"line":279,"column":57}},"41":{"start":{"line":280,"column":4},"end":{"line":280,"column":57}},"42":{"start":{"line":281,"column":4},"end":{"line":281,"column":53}},"43":{"start":{"line":282,"column":4},"end":{"line":282,"column":61}},"44":{"start":{"line":283,"column":4},"end":{"line":283,"column":47}},"45":{"start":{"line":284,"column":4},"end":{"line":284,"column":47}},"46":{"start":{"line":289,"column":4},"end":{"line":289,"column":21}},"47":{"start":{"line":293,"column":20},"end":{"line":293,"column":30}},"48":{"start":{"line":294,"column":4},"end":{"line":310,"column":9}},"49":{"start":{"line":295,"column":24},"end":{"line":295,"column":35}},"50":{"start":{"line":298,"column":8},"end":{"line":298,"column":26}},"51":{"start":{"line":299,"column":8},"end":{"line":305,"column":11}},"52":{"start":{"line":309,"column":8},"end":{"line":309,"column":27}},"53":{"start":{"line":314,"column":4},"end":{"line":319,"column":7}},"54":{"start":{"line":315,"column":37},"end":{"line":315,"column":47}},"55":{"start":{"line":316,"column":6},"end":{"line":318,"column":7}},"56":{"start":{"line":317,"column":8},"end":{"line":317,"column":53}},"57":{"start":{"line":320,"column":4},"end":{"line":320,"column":65}},"58":{"start":{"line":326,"column":8},"end":{"line":326,"column":18}},"59":{"start":{"line":327,"column":4},"end":{"line":332,"column":5}},"60":{"start":{"line":328,"column":6},"end":{"line":331,"column":9}},"61":{"start":{"line":333,"column":4},"end":{"line":338,"column":5}},"62":{"start":{"line":334,"column":6},"end":{"line":337,"column":9}},"63":{"start":{"line":339,"column":4},"end":{"line":344,"column":5}},"64":{"start":{"line":340,"column":6},"end":{"line":343,"column":9}},"65":{"start":{"line":345,"column":4},"end":{"line":350,"column":5}},"66":{"start":{"line":346,"column":6},"end":{"line":349,"column":9}},"67":{"start":{"line":354,"column":4},"end":{"line":356,"column":7}},"68":{"start":{"line":360,"column":4},"end":{"line":362,"column":7}},"69":{"start":{"line":366,"column":4},"end":{"line":368,"column":7}},"70":{"start":{"line":372,"column":20},"end":{"line":372,"column":30}},"71":{"start":{"line":373,"column":4},"end":{"line":394,"column":9}},"72":{"start":{"line":379,"column":8},"end":{"line":389,"column":13}},"73":{"start":{"line":380,"column":28},"end":{"line":380,"column":39}},"74":{"start":{"line":382,"column":12},"end":{"line":388,"column":15}},"75":{"start":{"line":393,"column":8},"end":{"line":393,"column":27}},"76":{"start":{"line":406,"column":8},"end":{"line":406,"column":18}},"77":{"start":{"line":407,"column":4},"end":{"line":409,"column":5}},"78":{"start":{"line":408,"column":6},"end":{"line":408,"column":62}},"79":{"start":{"line":410,"column":4},"end":{"line":533,"column":5}},"80":{"start":{"line":412,"column":6},"end":{"line":412,"column":25}},"81":{"start":{"line":413,"column":6},"end":{"line":428,"column":8}},"82":{"start":{"line":419,"column":69},"end":{"line":419,"column":101}},"83":{"start":{"line":424,"column":67},"end":{"line":424,"column":98}},"84":{"start":{"line":429,"column":6},"end":{"line":434,"column":8}},"85":{"start":{"line":431,"column":75},"end":{"line":431,"column":109}},"86":{"start":{"line":432,"column":73},"end":{"line":432,"column":115}},"87":{"start":{"line":432,"column":116},"end":{"line":432,"column":171}},"88":{"start":{"line":435,"column":6},"end":{"line":532,"column":8}},"89":{"start":{"line":444,"column":14},"end":{"line":451,"column":17}},"90":{"start":{"line":463,"column":14},"end":{"line":470,"column":17}},"91":{"start":{"line":482,"column":14},"end":{"line":489,"column":17}},"92":{"start":{"line":500,"column":14},"end":{"line":507,"column":17}},"93":{"start":{"line":518,"column":14},"end":{"line":525,"column":17}},"94":{"start":{"line":535,"column":4},"end":{"line":583,"column":5}},"95":{"start":{"line":536,"column":6},"end":{"line":582,"column":8}},"96":{"start":{"line":547,"column":31},"end":{"line":547,"column":66}},"97":{"start":{"line":549,"column":16},"end":{"line":549,"column":62}},"98":{"start":{"line":558,"column":31},"end":{"line":558,"column":66}},"99":{"start":{"line":560,"column":16},"end":{"line":560,"column":62}},"100":{"start":{"line":569,"column":16},"end":{"line":569,"column":35}},"101":{"start":{"line":570,"column":16},"end":{"line":570,"column":33}},"102":{"start":{"line":584,"column":4},"end":{"line":636,"column":5}},"103":{"start":{"line":584,"column":17},"end":{"line":584,"column":18}},"104":{"start":{"line":585,"column":6},"end":{"line":635,"column":7}},"105":{"start":{"line":586,"column":8},"end":{"line":594,"column":10}},"106":{"start":{"line":595,"column":13},"end":{"line":635,"column":7}},"107":{"start":{"line":596,"column":8},"end":{"line":604,"column":10}},"108":{"start":{"line":605,"column":13},"end":{"line":635,"column":7}},"109":{"start":{"line":606,"column":8},"end":{"line":614,"column":10}},"110":{"start":{"line":615,"column":13},"end":{"line":635,"column":7}},"111":{"start":{"line":616,"column":8},"end":{"line":624,"column":10}},"112":{"start":{"line":625,"column":13},"end":{"line":635,"column":7}},"113":{"start":{"line":626,"column":8},"end":{"line":634,"column":10}},"114":{"start":{"line":637,"column":4},"end":{"line":682,"column":6}},"115":{"start":{"line":644,"column":36},"end":{"line":644,"column":114}},"116":{"start":{"line":644,"column":61},"end":{"line":644,"column":111}},"117":{"start":{"line":644,"column":167},"end":{"line":644,"column":200}},"118":{"start":{"line":653,"column":14},"end":{"line":676,"column":20}},"119":{"start":{"line":679,"column":66},"end":{"line":679,"column":84}},"120":{"start":{"line":679,"column":107},"end":{"line":679,"column":125}}},"fnMap":{"0":{"name":"(anonymous_0)","decl":{"start":{"line":252,"column":2},"end":{"line":252,"column":3}},"loc":{"start":{"line":252,"column":16},"end":{"line":285,"column":3}},"line":252},"1":{"name":"(anonymous_1)","decl":{"start":{"line":287,"column":2},"end":{"line":287,"column":3}},"loc":{"start":{"line":287,"column":22},"end":{"line":290,"column":3}},"line":287},"2":{"name":"(anonymous_2)","decl":{"start":{"line":292,"column":2},"end":{"line":292,"column":3}},"loc":{"start":{"line":292,"column":14},"end":{"line":311,"column":3}},"line":292},"3":{"name":"(anonymous_3)","decl":{"start":{"line":295,"column":12},"end":{"line":295,"column":13}},"loc":{"start":{"line":295,"column":24},"end":{"line":295,"column":35}},"line":295},"4":{"name":"(anonymous_4)","decl":{"start":{"line":296,"column":12},"end":{"line":296,"column":13}},"loc":{"start":{"line":296,"column":22},"end":{"line":306,"column":7}},"line":296},"5":{"name":"(anonymous_5)","decl":{"start":{"line":307,"column":13},"end":{"line":307,"column":14}},"loc":{"start":{"line":307,"column":24},"end":{"line":310,"column":7}},"line":307},"6":{"name":"(anonymous_6)","decl":{"start":{"line":313,"column":2},"end":{"line":313,"column":3}},"loc":{"start":{"line":313,"column":14},"end":{"line":321,"column":3}},"line":313},"7":{"name":"(anonymous_7)","decl":{"start":{"line":314,"column":18},"end":{"line":314,"column":19}},"loc":{"start":{"line":314,"column":28},"end":{"line":319,"column":5}},"line":314},"8":{"name":"(anonymous_8)","decl":{"start":{"line":323,"column":2},"end":{"line":323,"column":3}},"loc":{"start":{"line":323,"column":15},"end":{"line":351,"column":3}},"line":323},"9":{"name":"(anonymous_9)","decl":{"start":{"line":353,"column":2},"end":{"line":353,"column":3}},"loc":{"start":{"line":353,"column":24},"end":{"line":357,"column":3}},"line":353},"10":{"name":"(anonymous_10)","decl":{"start":{"line":359,"column":2},"end":{"line":359,"column":3}},"loc":{"start":{"line":359,"column":24},"end":{"line":363,"column":3}},"line":359},"11":{"name":"(anonymous_11)","decl":{"start":{"line":365,"column":2},"end":{"line":365,"column":3}},"loc":{"start":{"line":365,"column":22},"end":{"line":369,"column":3}},"line":365},"12":{"name":"(anonymous_12)","decl":{"start":{"line":371,"column":2},"end":{"line":371,"column":3}},"loc":{"start":{"line":371,"column":34},"end":{"line":395,"column":3}},"line":371},"13":{"name":"(anonymous_13)","decl":{"start":{"line":378,"column":12},"end":{"line":378,"column":13}},"loc":{"start":{"line":378,"column":18},"end":{"line":390,"column":7}},"line":378},"14":{"name":"(anonymous_14)","decl":{"start":{"line":380,"column":16},"end":{"line":380,"column":17}},"loc":{"start":{"line":380,"column":28},"end":{"line":380,"column":39}},"line":380},"15":{"name":"(anonymous_15)","decl":{"start":{"line":381,"column":16},"end":{"line":381,"column":17}},"loc":{"start":{"line":381,"column":26},"end":{"line":389,"column":11}},"line":381},"16":{"name":"(anonymous_16)","decl":{"start":{"line":391,"column":13},"end":{"line":391,"column":14}},"loc":{"start":{"line":391,"column":24},"end":{"line":394,"column":7}},"line":391},"17":{"name":"(anonymous_17)","decl":{"start":{"line":397,"column":2},"end":{"line":397,"column":3}},"loc":{"start":{"line":397,"column":11},"end":{"line":683,"column":3}},"line":397},"18":{"name":"(anonymous_18)","decl":{"start":{"line":419,"column":61},"end":{"line":419,"column":62}},"loc":{"start":{"line":419,"column":67},"end":{"line":419,"column":103}},"line":419},"19":{"name":"(anonymous_19)","decl":{"start":{"line":424,"column":59},"end":{"line":424,"column":60}},"loc":{"start":{"line":424,"column":65},"end":{"line":424,"column":100}},"line":424},"20":{"name":"(anonymous_20)","decl":{"start":{"line":431,"column":67},"end":{"line":431,"column":68}},"loc":{"start":{"line":431,"column":73},"end":{"line":431,"column":111}},"line":431},"21":{"name":"(anonymous_21)","decl":{"start":{"line":432,"column":65},"end":{"line":432,"column":66}},"loc":{"start":{"line":432,"column":71},"end":{"line":432,"column":173}},"line":432},"22":{"name":"(anonymous_22)","decl":{"start":{"line":443,"column":21},"end":{"line":443,"column":22}},"loc":{"start":{"line":443,"column":27},"end":{"line":452,"column":13}},"line":443},"23":{"name":"(anonymous_23)","decl":{"start":{"line":462,"column":21},"end":{"line":462,"column":22}},"loc":{"start":{"line":462,"column":27},"end":{"line":471,"column":13}},"line":462},"24":{"name":"(anonymous_24)","decl":{"start":{"line":481,"column":21},"end":{"line":481,"column":22}},"loc":{"start":{"line":481,"column":27},"end":{"line":490,"column":13}},"line":481},"25":{"name":"(anonymous_25)","decl":{"start":{"line":499,"column":21},"end":{"line":499,"column":22}},"loc":{"start":{"line":499,"column":27},"end":{"line":508,"column":13}},"line":499},"26":{"name":"(anonymous_26)","decl":{"start":{"line":517,"column":21},"end":{"line":517,"column":22}},"loc":{"start":{"line":517,"column":27},"end":{"line":526,"column":13}},"line":517},"27":{"name":"(anonymous_27)","decl":{"start":{"line":547,"column":24},"end":{"line":547,"column":25}},"loc":{"start":{"line":547,"column":31},"end":{"line":547,"column":66}},"line":547},"28":{"name":"(anonymous_28)","decl":{"start":{"line":548,"column":23},"end":{"line":548,"column":24}},"loc":{"start":{"line":548,"column":29},"end":{"line":550,"column":15}},"line":548},"29":{"name":"(anonymous_29)","decl":{"start":{"line":558,"column":24},"end":{"line":558,"column":25}},"loc":{"start":{"line":558,"column":31},"end":{"line":558,"column":66}},"line":558},"30":{"name":"(anonymous_30)","decl":{"start":{"line":559,"column":23},"end":{"line":559,"column":24}},"loc":{"start":{"line":559,"column":29},"end":{"line":561,"column":15}},"line":559},"31":{"name":"(anonymous_31)","decl":{"start":{"line":568,"column":23},"end":{"line":568,"column":24}},"loc":{"start":{"line":568,"column":30},"end":{"line":571,"column":15}},"line":568},"32":{"name":"(anonymous_32)","decl":{"start":{"line":644,"column":28},"end":{"line":644,"column":29}},"loc":{"start":{"line":644,"column":34},"end":{"line":644,"column":116}},"line":644},"33":{"name":"(anonymous_33)","decl":{"start":{"line":644,"column":50},"end":{"line":644,"column":51}},"loc":{"start":{"line":644,"column":61},"end":{"line":644,"column":111}},"line":644},"34":{"name":"(anonymous_34)","decl":{"start":{"line":644,"column":160},"end":{"line":644,"column":161}},"loc":{"start":{"line":644,"column":167},"end":{"line":644,"column":200}},"line":644},"35":{"name":"(anonymous_35)","decl":{"start":{"line":651,"column":24},"end":{"line":651,"column":25}},"loc":{"start":{"line":653,"column":14},"end":{"line":676,"column":20}},"line":653},"36":{"name":"(anonymous_36)","decl":{"start":{"line":679,"column":58},"end":{"line":679,"column":59}},"loc":{"start":{"line":679,"column":64},"end":{"line":679,"column":86}},"line":679},"37":{"name":"(anonymous_37)","decl":{"start":{"line":679,"column":99},"end":{"line":679,"column":100}},"loc":{"start":{"line":679,"column":105},"end":{"line":679,"column":127}},"line":679}},"branchMap":{"0":{"loc":{"start":{"line":256,"column":14},"end":{"line":256,"column":45}},"type":"binary-expr","locations":[{"start":{"line":256,"column":14},"end":{"line":256,"column":23}},{"start":{"line":256,"column":27},"end":{"line":256,"column":45}}],"line":256},"1":{"loc":{"start":{"line":257,"column":15},"end":{"line":257,"column":46}},"type":"binary-expr","locations":[{"start":{"line":257,"column":15},"end":{"line":257,"column":24}},{"start":{"line":257,"column":28},"end":{"line":257,"column":46}}],"line":257},"2":{"loc":{"start":{"line":258,"column":15},"end":{"line":258,"column":46}},"type":"binary-expr","locations":[{"start":{"line":258,"column":15},"end":{"line":258,"column":24}},{"start":{"line":258,"column":28},"end":{"line":258,"column":46}}],"line":258},"3":{"loc":{"start":{"line":259,"column":15},"end":{"line":259,"column":46}},"type":"binary-expr","locations":[{"start":{"line":259,"column":15},"end":{"line":259,"column":24}},{"start":{"line":259,"column":28},"end":{"line":259,"column":46}}],"line":259},"4":{"loc":{"start":{"line":260,"column":16},"end":{"line":260,"column":47}},"type":"binary-expr","locations":[{"start":{"line":260,"column":16},"end":{"line":260,"column":25}},{"start":{"line":260,"column":29},"end":{"line":260,"column":47}}],"line":260},"5":{"loc":{"start":{"line":298,"column":15},"end":{"line":298,"column":25}},"type":"binary-expr","locations":[{"start":{"line":298,"column":15},"end":{"line":298,"column":19}},{"start":{"line":298,"column":23},"end":{"line":298,"column":25}}],"line":298},"6":{"loc":{"start":{"line":316,"column":6},"end":{"line":318,"column":7}},"type":"if","locations":[{"start":{"line":316,"column":6},"end":{"line":318,"column":7}},{"start":{"line":316,"column":6},"end":{"line":318,"column":7}}],"line":316},"7":{"loc":{"start":{"line":316,"column":10},"end":{"line":316,"column":66}},"type":"binary-expr","locations":[{"start":{"line":316,"column":10},"end":{"line":316,"column":36}},{"start":{"line":316,"column":40},"end":{"line":316,"column":66}}],"line":316},"8":{"loc":{"start":{"line":327,"column":4},"end":{"line":332,"column":5}},"type":"if","locations":[{"start":{"line":327,"column":4},"end":{"line":332,"column":5}},{"start":{"line":327,"column":4},"end":{"line":332,"column":5}}],"line":327},"9":{"loc":{"start":{"line":333,"column":4},"end":{"line":338,"column":5}},"type":"if","locations":[{"start":{"line":333,"column":4},"end":{"line":338,"column":5}},{"start":{"line":333,"column":4},"end":{"line":338,"column":5}}],"line":333},"10":{"loc":{"start":{"line":339,"column":4},"end":{"line":344,"column":5}},"type":"if","locations":[{"start":{"line":339,"column":4},"end":{"line":344,"column":5}},{"start":{"line":339,"column":4},"end":{"line":344,"column":5}}],"line":339},"11":{"loc":{"start":{"line":345,"column":4},"end":{"line":350,"column":5}},"type":"if","locations":[{"start":{"line":345,"column":4},"end":{"line":350,"column":5}},{"start":{"line":345,"column":4},"end":{"line":350,"column":5}}],"line":345},"12":{"loc":{"start":{"line":407,"column":4},"end":{"line":409,"column":5}},"type":"if","locations":[{"start":{"line":407,"column":4},"end":{"line":409,"column":5}},{"start":{"line":407,"column":4},"end":{"line":409,"column":5}}],"line":407},"13":{"loc":{"start":{"line":410,"column":4},"end":{"line":533,"column":5}},"type":"if","locations":[{"start":{"line":410,"column":4},"end":{"line":533,"column":5}},{"start":{"line":410,"column":4},"end":{"line":533,"column":5}}],"line":410},"14":{"loc":{"start":{"line":535,"column":4},"end":{"line":583,"column":5}},"type":"if","locations":[{"start":{"line":535,"column":4},"end":{"line":583,"column":5}},{"start":{"line":535,"column":4},"end":{"line":583,"column":5}}],"line":535},"15":{"loc":{"start":{"line":535,"column":8},"end":{"line":535,"column":23}},"type":"binary-expr","locations":[{"start":{"line":535,"column":8},"end":{"line":535,"column":13}},{"start":{"line":535,"column":17},"end":{"line":535,"column":23}}],"line":535},"16":{"loc":{"start":{"line":585,"column":6},"end":{"line":635,"column":7}},"type":"if","locations":[{"start":{"line":585,"column":6},"end":{"line":635,"column":7}},{"start":{"line":585,"column":6},"end":{"line":635,"column":7}}],"line":585},"17":{"loc":{"start":{"line":595,"column":13},"end":{"line":635,"column":7}},"type":"if","locations":[{"start":{"line":595,"column":13},"end":{"line":635,"column":7}},{"start":{"line":595,"column":13},"end":{"line":635,"column":7}}],"line":595},"18":{"loc":{"start":{"line":605,"column":13},"end":{"line":635,"column":7}},"type":"if","locations":[{"start":{"line":605,"column":13},"end":{"line":635,"column":7}},{"start":{"line":605,"column":13},"end":{"line":635,"column":7}}],"line":605},"19":{"loc":{"start":{"line":615,"column":13},"end":{"line":635,"column":7}},"type":"if","locations":[{"start":{"line":615,"column":13},"end":{"line":635,"column":7}},{"start":{"line":615,"column":13},"end":{"line":635,"column":7}}],"line":615},"20":{"loc":{"start":{"line":625,"column":13},"end":{"line":635,"column":7}},"type":"if","locations":[{"start":{"line":625,"column":13},"end":{"line":635,"column":7}},{"start":{"line":625,"column":13},"end":{"line":635,"column":7}}],"line":625}},"s":{"0":1,"1":1,"2":1,"3":1,"4":1,"5":1,"6":1,"7":1,"8":1,"9":1,"10":1,"11":1,"12":1,"13":1,"14":1,"15":1,"16":1,"17":1,"18":1,"19":1,"20":1,"21":1,"22":1,"23":1,"24":1,"25":1,"26":1,"27":1,"28":1,"29":1,"30":1,"31":1,"32":1,"33":1,"34":1,"35":1,"36":1,"37":3,"38":3,"39":3,"40":3,"41":3,"42":3,"43":3,"44":3,"45":3,"46":3,"47":3,"48":3,"49":0,"50":0,"51":0,"52":0,"53":0,"54":0,"55":0,"56":0,"57":0,"58":0,"59":0,"60":0,"61":0,"62":0,"63":0,"64":0,"65":0,"66":0,"67":0,"68":0,"69":0,"70":0,"71":0,"72":0,"73":0,"74":0,"75":0,"76":3,"77":3,"78":0,"79":3,"80":0,"81":0,"82":0,"83":0,"84":0,"85":0,"86":0,"87":0,"88":0,"89":0,"90":0,"91":0,"92":0,"93":0,"94":3,"95":0,"96":0,"97":0,"98":0,"99":0,"100":0,"101":0,"102":3,"103":3,"104":3,"105":0,"106":3,"107":0,"108":3,"109":0,"110":3,"111":0,"112":3,"113":0,"114":3,"115":0,"116":0,"117":0,"118":3,"119":0,"120":0},"f":{"0":3,"1":3,"2":3,"3":0,"4":0,"5":0,"6":0,"7":0,"8":0,"9":0,"10":0,"11":0,"12":0,"13":0,"14":0,"15":0,"16":0,"17":3,"18":0,"19":0,"20":0,"21":0,"22":0,"23":0,"24":0,"25":0,"26":0,"27":0,"28":0,"29":0,"30":0,"31":0,"32":0,"33":0,"34":0,"35":3,"36":0,"37":0},"b":{"0":[3,3],"1":[3,3],"2":[3,3],"3":[3,3],"4":[3,3],"5":[0,0],"6":[0,0],"7":[0,0],"8":[0,0],"9":[0,0],"10":[0,0],"11":[0,0],"12":[0,3],"13":[0,3],"14":[0,3],"15":[3,0],"16":[0,3],"17":[0,3],"18":[0,3],"19":[0,3],"20":[0,3]},"_coverageSchema":"1a1c01bbd47fc00a2c39e90264f33305004495a9","hash":"204a18ff42a466b5503444cd7ece8f98092a21a5"}
,"/Users/justinpaoletta/Desktop/top-styling-and-reviews/src/components/title.jsx": {"path":"/Users/justinpaoletta/Desktop/top-styling-and-reviews/src/components/title.jsx","statementMap":{"0":{"start":{"line":5,"column":21},"end":{"line":9,"column":1}},"1":{"start":{"line":11,"column":13},"end":{"line":14,"column":1}},"2":{"start":{"line":16,"column":20},"end":{"line":20,"column":1}},"3":{"start":{"line":22,"column":16},"end":{"line":27,"column":1}},"4":{"start":{"line":29,"column":16},"end":{"line":32,"column":1}},"5":{"start":{"line":34,"column":17},"end":{"line":38,"column":1}},"6":{"start":{"line":40,"column":13},"end":{"line":43,"column":1}},"7":{"start":{"line":45,"column":20},"end":{"line":48,"column":1}},"8":{"start":{"line":50,"column":20},"end":{"line":54,"column":1}},"9":{"start":{"line":56,"column":14},"end":{"line":75,"column":1}},"10":{"start":{"line":59,"column":2},"end":{"line":74,"column":17}},"11":{"start":{"line":79,"column":0},"end":{"line":85,"column":2}}},"fnMap":{"0":{"name":"(anonymous_0)","decl":{"start":{"line":56,"column":14},"end":{"line":56,"column":15}},"loc":{"start":{"line":59,"column":2},"end":{"line":74,"column":17}},"line":59}},"branchMap":{},"s":{"0":1,"1":1,"2":1,"3":1,"4":1,"5":1,"6":1,"7":1,"8":1,"9":1,"10":1,"11":1},"f":{"0":1},"b":{},"_coverageSchema":"1a1c01bbd47fc00a2c39e90264f33305004495a9","hash":"348065af5bc6bc83c5191b75f500ec38ef5391d2"}
,"/Users/justinpaoletta/Desktop/top-styling-and-reviews/src/components/topbar.jsx": {"path":"/Users/justinpaoletta/Desktop/top-styling-and-reviews/src/components/topbar.jsx","statementMap":{"0":{"start":{"line":6,"column":15},"end":{"line":19,"column":1}},"1":{"start":{"line":21,"column":13},"end":{"line":26,"column":1}},"2":{"start":{"line":28,"column":14},"end":{"line":33,"column":1}},"3":{"start":{"line":35,"column":17},"end":{"line":39,"column":1}},"4":{"start":{"line":41,"column":15},"end":{"line":47,"column":1}},"5":{"start":{"line":49,"column":15},"end":{"line":54,"column":1}},"6":{"start":{"line":56,"column":14},"end":{"line":60,"column":1}},"7":{"start":{"line":62,"column":16},"end":{"line":71,"column":1}},"8":{"start":{"line":73,"column":14},"end":{"line":83,"column":1}},"9":{"start":{"line":85,"column":20},"end":{"line":96,"column":1}},"10":{"start":{"line":98,"column":19},"end":{"line":100,"column":1}},"11":{"start":{"line":102,"column":15},"end":{"line":112,"column":1}},"12":{"start":{"line":114,"column":18},"end":{"line":122,"column":1}},"13":{"start":{"line":124,"column":15},"end":{"line":134,"column":1}},"14":{"start":{"line":138,"column":4},"end":{"line":138,"column":17}},"15":{"start":{"line":139,"column":4},"end":{"line":142,"column":6}},"16":{"start":{"line":143,"column":4},"end":{"line":143,"column":53}},"17":{"start":{"line":147,"column":4},"end":{"line":149,"column":7}},"18":{"start":{"line":153,"column":22},"end":{"line":153,"column":32}},"19":{"start":{"line":154,"column":37},"end":{"line":154,"column":47}},"20":{"start":{"line":155,"column":23},"end":{"line":155,"column":74}},"21":{"start":{"line":157,"column":4},"end":{"line":166,"column":5}},"22":{"start":{"line":158,"column":6},"end":{"line":165,"column":8}},"23":{"start":{"line":160,"column":88},"end":{"line":160,"column":123}},"24":{"start":{"line":161,"column":70},"end":{"line":161,"column":103}},"25":{"start":{"line":167,"column":4},"end":{"line":182,"column":6}},"26":{"start":{"line":178,"column":81},"end":{"line":178,"column":115}},"27":{"start":{"line":188,"column":0},"end":{"line":190,"column":2}}},"fnMap":{"0":{"name":"(anonymous_0)","decl":{"start":{"line":137,"column":2},"end":{"line":137,"column":3}},"loc":{"start":{"line":137,"column":21},"end":{"line":144,"column":3}},"line":137},"1":{"name":"(anonymous_1)","decl":{"start":{"line":146,"column":2},"end":{"line":146,"column":3}},"loc":{"start":{"line":146,"column":22},"end":{"line":150,"column":3}},"line":146},"2":{"name":"(anonymous_2)","decl":{"start":{"line":152,"column":2},"end":{"line":152,"column":3}},"loc":{"start":{"line":152,"column":11},"end":{"line":183,"column":3}},"line":152},"3":{"name":"(anonymous_3)","decl":{"start":{"line":160,"column":61},"end":{"line":160,"column":62}},"loc":{"start":{"line":160,"column":67},"end":{"line":160,"column":69}},"line":160},"4":{"name":"(anonymous_4)","decl":{"start":{"line":160,"column":80},"end":{"line":160,"column":81}},"loc":{"start":{"line":160,"column":86},"end":{"line":160,"column":125}},"line":160},"5":{"name":"(anonymous_5)","decl":{"start":{"line":161,"column":63},"end":{"line":161,"column":64}},"loc":{"start":{"line":161,"column":70},"end":{"line":161,"column":103}},"line":161},"6":{"name":"(anonymous_6)","decl":{"start":{"line":178,"column":54},"end":{"line":178,"column":55}},"loc":{"start":{"line":178,"column":60},"end":{"line":178,"column":62}},"line":178},"7":{"name":"(anonymous_7)","decl":{"start":{"line":178,"column":73},"end":{"line":178,"column":74}},"loc":{"start":{"line":178,"column":79},"end":{"line":178,"column":117}},"line":178}},"branchMap":{"0":{"loc":{"start":{"line":157,"column":4},"end":{"line":166,"column":5}},"type":"if","locations":[{"start":{"line":157,"column":4},"end":{"line":166,"column":5}},{"start":{"line":157,"column":4},"end":{"line":166,"column":5}}],"line":157}},"s":{"0":1,"1":1,"2":1,"3":1,"4":1,"5":1,"6":1,"7":1,"8":1,"9":1,"10":1,"11":1,"12":1,"13":1,"14":2,"15":2,"16":2,"17":0,"18":2,"19":2,"20":2,"21":2,"22":0,"23":0,"24":0,"25":2,"26":0,"27":1},"f":{"0":2,"1":0,"2":2,"3":0,"4":0,"5":0,"6":0,"7":0},"b":{"0":[0,2]},"_coverageSchema":"1a1c01bbd47fc00a2c39e90264f33305004495a9","hash":"a5cb3f102a6f9c561741bb651d2fd6b96b3b3eb8"}
}
