TN:
SF:db/s3.js
FNF:0
FNH:0
DA:1,1
DA:104,1
LF:2
LH:2
BRF:0
BRH:0
end_of_record
TN:
SF:db/reviewData/reviewData.js
FNF:0
FNH:0
DA:1,1
DA:90004,1
LF:2
LH:2
BRF:0
BRH:0
end_of_record
TN:
SF:db/topData/topData.js
FNF:0
FNH:0
DA:1,1
DA:1204,1
LF:2
LH:2
BRF:0
BRH:0
end_of_record
TN:
SF:src/index.jsx
FNF:0
FNH:0
DA:5,1
LF:1
LH:1
BRDA:5,0,0,1
BRDA:5,0,1,1
BRF:2
BRH:2
end_of_record
TN:
SF:src/components/app.jsx
FN:21,(anonymous_0)
FN:41,(anonymous_1)
FN:46,(anonymous_2)
FN:49,(anonymous_3)
FN:50,(anonymous_4)
FN:57,(anonymous_5)
FN:60,(anonymous_6)
FN:61,(anonymous_7)
FN:72,(anonymous_8)
FN:79,(anonymous_9)
FNF:10
FNH:5
FNDA:2,(anonymous_0)
FNDA:2,(anonymous_1)
FNDA:2,(anonymous_2)
FNDA:0,(anonymous_3)
FNDA:0,(anonymous_4)
FNDA:2,(anonymous_5)
FNDA:0,(anonymous_6)
FNDA:0,(anonymous_7)
FNDA:0,(anonymous_8)
FNDA:2,(anonymous_9)
DA:22,2
DA:23,2
DA:34,2
DA:35,2
DA:36,2
DA:42,2
DA:43,2
DA:47,2
DA:48,2
DA:49,0
DA:51,0
DA:58,2
DA:59,2
DA:60,0
DA:62,0
DA:73,0
DA:83,2
DA:84,2
DA:85,0
DA:86,0
DA:127,2
LF:21
LH:14
BRDA:84,0,0,0
BRDA:84,0,1,2
BRDA:84,1,0,2
BRDA:84,1,1,0
BRF:4
BRH:2
end_of_record
TN:
SF:src/components/description.jsx
FN:4,(anonymous_0)
FN:24,(anonymous_1)
FNF:2
FNH:2
FNDA:1,(anonymous_0)
FNDA:1,(anonymous_1)
DA:4,1
DA:7,1
DA:24,1
DA:33,1
LF:4
LH:4
BRF:0
BRH:0
end_of_record
TN:
SF:src/components/reviews.jsx
FN:11,(anonymous_0)
FN:46,(anonymous_1)
FN:47,(anonymous_2)
FN:58,(anonymous_3)
FN:88,(anonymous_4)
FN:94,(anonymous_5)
FN:100,(anonymous_6)
FN:106,(anonymous_7)
FN:113,(anonymous_8)
FN:115,(anonymous_9)
FN:116,(anonymous_10)
FN:128,(anonymous_11)
FN:150,(anonymous_12)
FN:155,(anonymous_13)
FN:162,(anonymous_14)
FN:163,(anonymous_15)
FN:174,(anonymous_16)
FN:195,(anonymous_17)
FN:216,(anonymous_18)
FN:237,(anonymous_19)
FN:258,(anonymous_20)
FN:290,(anonymous_21)
FN:291,(anonymous_22)
FN:302,(anonymous_23)
FN:303,(anonymous_24)
FN:313,(anonymous_25)
FN:391,(anonymous_26)
FN:391,(anonymous_27)
FN:396,(anonymous_28)
FN:424,(anonymous_29)
FN:424,(anonymous_30)
FNF:31
FNH:25
FNDA:3,(anonymous_0)
FNDA:1,(anonymous_1)
FNDA:3,(anonymous_2)
FNDA:5,(anonymous_3)
FNDA:1,(anonymous_4)
FNDA:1,(anonymous_5)
FNDA:1,(anonymous_6)
FNDA:1,(anonymous_7)
FNDA:0,(anonymous_8)
FNDA:0,(anonymous_9)
FNDA:0,(anonymous_10)
FNDA:24,(anonymous_11)
FNDA:1,(anonymous_12)
FNDA:1,(anonymous_13)
FNDA:1,(anonymous_14)
FNDA:1,(anonymous_15)
FNDA:1,(anonymous_16)
FNDA:1,(anonymous_17)
FNDA:1,(anonymous_18)
FNDA:1,(anonymous_19)
FNDA:1,(anonymous_20)
FNDA:1,(anonymous_21)
FNDA:0,(anonymous_22)
FNDA:1,(anonymous_23)
FNDA:0,(anonymous_24)
FNDA:1,(anonymous_25)
FNDA:4,(anonymous_26)
FNDA:1,(anonymous_27)
FNDA:24,(anonymous_28)
FNDA:5,(anonymous_29)
FNDA:0,(anonymous_30)
DA:14,3
DA:15,3
DA:38,3
DA:39,3
DA:40,3
DA:41,3
DA:42,3
DA:43,3
DA:47,1
DA:48,3
DA:49,3
DA:50,3
DA:51,0
DA:52,0
DA:55,1
DA:61,5
DA:62,5
DA:63,1
DA:68,5
DA:69,1
DA:74,5
DA:75,1
DA:80,5
DA:81,1
DA:89,1
DA:95,1
DA:101,1
DA:107,1
DA:108,1
DA:114,0
DA:115,0
DA:117,0
DA:137,24
DA:138,24
DA:139,9
DA:141,24
DA:143,13
DA:144,13
DA:150,1
DA:155,1
DA:160,13
DA:162,1
DA:163,1
DA:166,13
DA:175,1
DA:196,1
DA:217,1
DA:238,1
DA:259,1
DA:278,24
DA:279,17
DA:290,1
DA:292,0
DA:302,1
DA:304,0
DA:314,1
DA:315,1
DA:331,24
DA:332,24
DA:333,0
DA:342,24
DA:343,0
DA:352,24
DA:353,0
DA:362,24
DA:363,0
DA:372,24
DA:373,0
DA:384,24
DA:391,4
DA:398,24
DA:424,5
DA:433,1
LF:73
LH:61
BRDA:17,0,0,3
BRDA:17,0,1,3
BRDA:18,1,0,3
BRDA:18,1,1,3
BRDA:19,2,0,3
BRDA:19,2,1,3
BRDA:20,3,0,3
BRDA:20,3,1,3
BRDA:21,4,0,3
BRDA:21,4,1,3
BRDA:50,5,0,0
BRDA:50,5,1,3
BRDA:50,6,0,3
BRDA:50,6,1,0
BRDA:62,7,0,1
BRDA:62,7,1,4
BRDA:68,8,0,1
BRDA:68,8,1,4
BRDA:74,9,0,1
BRDA:74,9,1,4
BRDA:80,10,0,1
BRDA:80,10,1,4
BRDA:138,11,0,9
BRDA:138,11,1,15
BRDA:141,12,0,13
BRDA:141,12,1,11
BRDA:278,13,0,17
BRDA:278,13,1,7
BRDA:278,14,0,24
BRDA:278,14,1,17
BRDA:332,15,0,0
BRDA:332,15,1,24
BRDA:342,16,0,0
BRDA:342,16,1,24
BRDA:352,17,0,0
BRDA:352,17,1,24
BRDA:362,18,0,0
BRDA:362,18,1,24
BRDA:372,19,0,0
BRDA:372,19,1,24
BRF:40
BRH:33
end_of_record
TN:
SF:src/components/title.jsx
FN:4,(anonymous_0)
FNF:1
FNH:1
FNDA:1,(anonymous_0)
DA:4,1
DA:7,1
DA:27,1
LF:3
LH:3
BRF:0
BRH:0
end_of_record
TN:
SF:src/components/topbar.jsx
FN:7,(anonymous_0)
FN:16,(anonymous_1)
FN:22,(anonymous_2)
FN:30,(anonymous_3)
FN:31,(anonymous_4)
FN:46,(anonymous_5)
FNF:6
FNH:6
FNDA:2,(anonymous_0)
FNDA:1,(anonymous_1)
FNDA:5,(anonymous_2)
FNDA:1,(anonymous_3)
FNDA:1,(anonymous_4)
FNDA:1,(anonymous_5)
DA:8,2
DA:9,2
DA:13,2
DA:17,1
DA:23,5
DA:24,5
DA:25,5
DA:27,5
DA:28,2
DA:30,1
DA:31,1
DA:37,5
DA:46,1
DA:56,1
LF:14
LH:14
BRDA:27,0,0,2
BRDA:27,0,1,3
BRF:2
BRH:2
end_of_record
