TN:
SF:db/s3.js
FNF:0
FNH:0
DA:1,1
DA:104,1
LF:2
LH:2
BRF:0
BRH:0
end_of_record
TN:
SF:db/reviewData/reviewData.js
FNF:0
FNH:0
DA:1,1
DA:90004,1
LF:2
LH:2
BRF:0
BRH:0
end_of_record
TN:
SF:db/topData/topData.js
FNF:0
FNH:0
DA:1,1
DA:1204,1
LF:2
LH:2
BRF:0
BRH:0
end_of_record
TN:
SF:src/index.jsx
FNF:0
FNH:0
DA:6,1
DA:7,1
LF:2
LH:2
BRDA:6,0,0,1
BRDA:6,0,1,1
BRDA:7,1,0,1
BRDA:7,1,1,1
BRF:4
BRH:4
end_of_record
TN:
SF:src/components/app.jsx
FN:9,(anonymous_0)
FN:20,(anonymous_1)
FN:24,(anonymous_2)
FN:27,(anonymous_3)
FN:28,(anonymous_4)
FN:33,(anonymous_5)
FN:40,(anonymous_6)
FNF:7
FNH:4
FNDA:2,(anonymous_0)
FNDA:2,(anonymous_1)
FNDA:2,(anonymous_2)
FNDA:0,(anonymous_3)
FNDA:0,(anonymous_4)
FNDA:0,(anonymous_5)
FNDA:2,(anonymous_6)
DA:10,2
DA:11,2
DA:17,2
DA:21,2
DA:25,2
DA:26,2
DA:27,0
DA:29,0
DA:35,0
DA:44,2
DA:45,2
DA:46,0
DA:67,2
LF:13
LH:9
BRDA:45,0,0,0
BRDA:45,0,1,2
BRF:2
BRH:1
end_of_record
TN:
SF:src/components/description.jsx
FN:57,(anonymous_0)
FN:77,(anonymous_1)
FN:77,(anonymous_2)
FNF:3
FNH:1
FNDA:1,(anonymous_0)
FNDA:0,(anonymous_1)
FNDA:0,(anonymous_2)
DA:5,1
DA:10,1
DA:14,1
DA:25,1
DA:30,1
DA:34,1
DA:39,1
DA:46,1
DA:52,1
DA:57,1
DA:60,1
DA:77,0
DA:86,1
LF:13
LH:12
BRF:0
BRH:0
end_of_record
TN:
SF:src/components/reviews.jsx
FN:252,(anonymous_0)
FN:287,(anonymous_1)
FN:292,(anonymous_2)
FN:295,(anonymous_3)
FN:296,(anonymous_4)
FN:307,(anonymous_5)
FN:313,(anonymous_6)
FN:314,(anonymous_7)
FN:323,(anonymous_8)
FN:353,(anonymous_9)
FN:359,(anonymous_10)
FN:365,(anonymous_11)
FN:371,(anonymous_12)
FN:378,(anonymous_13)
FN:380,(anonymous_14)
FN:381,(anonymous_15)
FN:391,(anonymous_16)
FN:397,(anonymous_17)
FN:419,(anonymous_18)
FN:424,(anonymous_19)
FN:431,(anonymous_20)
FN:432,(anonymous_21)
FN:443,(anonymous_22)
FN:462,(anonymous_23)
FN:481,(anonymous_24)
FN:499,(anonymous_25)
FN:517,(anonymous_26)
FN:547,(anonymous_27)
FN:548,(anonymous_28)
FN:558,(anonymous_29)
FN:559,(anonymous_30)
FN:568,(anonymous_31)
FN:644,(anonymous_32)
FN:644,(anonymous_33)
FN:644,(anonymous_34)
FN:651,(anonymous_35)
FN:679,(anonymous_36)
FN:679,(anonymous_37)
FNF:38
FNH:5
FNDA:3,(anonymous_0)
FNDA:3,(anonymous_1)
FNDA:3,(anonymous_2)
FNDA:0,(anonymous_3)
FNDA:0,(anonymous_4)
FNDA:0,(anonymous_5)
FNDA:0,(anonymous_6)
FNDA:0,(anonymous_7)
FNDA:0,(anonymous_8)
FNDA:0,(anonymous_9)
FNDA:0,(anonymous_10)
FNDA:0,(anonymous_11)
FNDA:0,(anonymous_12)
FNDA:0,(anonymous_13)
FNDA:0,(anonymous_14)
FNDA:0,(anonymous_15)
FNDA:0,(anonymous_16)
FNDA:3,(anonymous_17)
FNDA:0,(anonymous_18)
FNDA:0,(anonymous_19)
FNDA:0,(anonymous_20)
FNDA:0,(anonymous_21)
FNDA:0,(anonymous_22)
FNDA:0,(anonymous_23)
FNDA:0,(anonymous_24)
FNDA:0,(anonymous_25)
FNDA:0,(anonymous_26)
FNDA:0,(anonymous_27)
FNDA:0,(anonymous_28)
FNDA:0,(anonymous_29)
FNDA:0,(anonymous_30)
FNDA:0,(anonymous_31)
FNDA:0,(anonymous_32)
FNDA:0,(anonymous_33)
FNDA:0,(anonymous_34)
FNDA:3,(anonymous_35)
FNDA:0,(anonymous_36)
FNDA:0,(anonymous_37)
DA:7,1
DA:13,1
DA:19,1
DA:25,1
DA:31,1
DA:37,1
DA:44,1
DA:48,1
DA:60,1
DA:72,1
DA:76,1
DA:81,1
DA:86,1
DA:91,1
DA:96,1
DA:101,1
DA:114,1
DA:121,1
DA:131,1
DA:142,1
DA:146,1
DA:150,1
DA:158,1
DA:162,1
DA:167,1
DA:171,1
DA:176,1
DA:192,1
DA:200,1
DA:208,1
DA:215,1
DA:220,1
DA:224,1
DA:231,1
DA:237,1
DA:243,1
DA:247,1
DA:253,3
DA:254,3
DA:278,3
DA:279,3
DA:280,3
DA:281,3
DA:282,3
DA:283,3
DA:284,3
DA:289,3
DA:293,3
DA:294,3
DA:295,0
DA:298,0
DA:299,0
DA:309,0
DA:314,0
DA:315,0
DA:316,0
DA:317,0
DA:320,0
DA:326,0
DA:327,0
DA:328,0
DA:333,0
DA:334,0
DA:339,0
DA:340,0
DA:345,0
DA:346,0
DA:354,0
DA:360,0
DA:366,0
DA:372,0
DA:373,0
DA:379,0
DA:380,0
DA:382,0
DA:393,0
DA:406,3
DA:407,3
DA:408,0
DA:410,3
DA:412,0
DA:413,0
DA:419,0
DA:424,0
DA:429,0
DA:431,0
DA:432,0
DA:435,0
DA:444,0
DA:463,0
DA:482,0
DA:500,0
DA:518,0
DA:535,3
DA:536,0
DA:547,0
DA:549,0
DA:558,0
DA:560,0
DA:569,0
DA:570,0
DA:584,3
DA:585,3
DA:586,0
DA:595,3
DA:596,0
DA:605,3
DA:606,0
DA:615,3
DA:616,0
DA:625,3
DA:626,0
DA:637,3
DA:644,0
DA:653,3
DA:679,0
LF:116
LH:61
BRDA:256,0,0,3
BRDA:256,0,1,3
BRDA:257,1,0,3
BRDA:257,1,1,3
BRDA:258,2,0,3
BRDA:258,2,1,3
BRDA:259,3,0,3
BRDA:259,3,1,3
BRDA:260,4,0,3
BRDA:260,4,1,3
BRDA:298,5,0,0
BRDA:298,5,1,0
BRDA:316,6,0,0
BRDA:316,6,1,0
BRDA:316,7,0,0
BRDA:316,7,1,0
BRDA:327,8,0,0
BRDA:327,8,1,0
BRDA:333,9,0,0
BRDA:333,9,1,0
BRDA:339,10,0,0
BRDA:339,10,1,0
BRDA:345,11,0,0
BRDA:345,11,1,0
BRDA:407,12,0,0
BRDA:407,12,1,3
BRDA:410,13,0,0
BRDA:410,13,1,3
BRDA:535,14,0,0
BRDA:535,14,1,3
BRDA:535,15,0,3
BRDA:535,15,1,0
BRDA:585,16,0,0
BRDA:585,16,1,3
BRDA:595,17,0,0
BRDA:595,17,1,3
BRDA:605,18,0,0
BRDA:605,18,1,3
BRDA:615,19,0,0
BRDA:615,19,1,3
BRDA:625,20,0,0
BRDA:625,20,1,3
BRF:42
BRH:19
end_of_record
TN:
SF:src/components/title.jsx
FN:56,(anonymous_0)
FNF:1
FNH:1
FNDA:1,(anonymous_0)
DA:5,1
DA:11,1
DA:16,1
DA:22,1
DA:29,1
DA:34,1
DA:40,1
DA:45,1
DA:50,1
DA:56,1
DA:59,1
DA:79,1
LF:12
LH:12
BRF:0
BRH:0
end_of_record
TN:
SF:src/components/topbar.jsx
FN:137,(anonymous_0)
FN:146,(anonymous_1)
FN:152,(anonymous_2)
FN:160,(anonymous_3)
FN:160,(anonymous_4)
FN:161,(anonymous_5)
FN:178,(anonymous_6)
FN:178,(anonymous_7)
FNF:8
FNH:2
FNDA:2,(anonymous_0)
FNDA:0,(anonymous_1)
FNDA:2,(anonymous_2)
FNDA:0,(anonymous_3)
FNDA:0,(anonymous_4)
FNDA:0,(anonymous_5)
FNDA:0,(anonymous_6)
FNDA:0,(anonymous_7)
DA:6,1
DA:21,1
DA:28,1
DA:35,1
DA:41,1
DA:49,1
DA:56,1
DA:62,1
DA:73,1
DA:85,1
DA:98,1
DA:102,1
DA:114,1
DA:124,1
DA:138,2
DA:139,2
DA:143,2
DA:147,0
DA:153,2
DA:154,2
DA:155,2
DA:157,2
DA:158,0
DA:160,0
DA:161,0
DA:167,2
DA:178,0
DA:188,1
LF:28
LH:23
BRDA:157,0,0,0
BRDA:157,0,1,2
BRF:2
BRH:1
end_of_record
